Mar 21 15:26:09 host=mail.padiernos.me tls=on auth=on user=mike@padiernos.me from=mike@padiernos.me recipients=kirtan.janani@egreycell.com mailsize=10207 smtpstatus=250 smtpmsg='250 2.0.0 Ok: queued as 3B3522E017B' exitcode=EX_OK
Mar 27 12:30:22 host=smtp.gmail.com tls=on auth=on user=mike.padiernos@gmail.com from=mike.padiernos@gmail.com recipients=sudhir.kumar@recruiter.nlbtech.com mailsize=131797 smtpstatus=250 smtpmsg='250 2.0.0 OK  1743093022 6a1803df08f44-6eec9645a74sm1032266d6.30 - gsmtp' exitcode=EX_OK
Mar 27 13:00:05 host=smtp.gmail.com tls=on auth=on user=mike.padiernos@gmail.com from=mike.padiernos@gmail.com recipients=senthik@ilinksolutions.com mailsize=83009 smtpstatus=250 smtpmsg='250 2.0.0 OK  1743094805 6a1803df08f44-6eec9627a00sm1329936d6.21 - gsmtp' exitcode=EX_OK
Mar 27 13:53:13 host=smtp.gmail.com tls=on auth=on user=mike.padiernos@gmail.com from=mike.padiernos@gmail.com recipients=sudhir.kumar@recruiter.nlbtech.com mailsize=7783 smtpstatus=250 smtpmsg='250 2.0.0 OK  1743097993 d75a77b69052e-477831a6579sm580411cf.73 - gsmtp' exitcode=EX_OK
Mar 27 14:40:33 host=smtp.gmail.com tls=on auth=on user=mike.padiernos@gmail.com from=mike.padiernos@gmail.com recipients=senthik@ilinksolutions.com mailsize=344560 smtpstatus=250 smtpmsg='250 2.0.0 OK  1743100833 af79cd13be357-7c5f765a7besm22028985a.14 - gsmtp' exitcode=EX_OK
Mar 27 14:44:09 host=mail.padiernos.me tls=on auth=on user=mike@padiernos.me from=mike@padiernos.me recipients=janani@psrtek.com mailsize=130173 smtpstatus=250 smtpmsg='250 2.0.0 Ok: queued as C94D32E005C' exitcode=EX_OK
Mar 27 17:34:26 host=mail.padiernos.me tls=on auth=on user=mike@padiernos.me from=mike@padiernos.me recipients=janani@psrtek.com mailsize=5835 smtpstatus=250 smtpmsg='250 2.0.0 Ok: queued as B3BBA2E009C' exitcode=EX_OK
Mar 27 17:42:37 host=smtp.gmail.com tls=on auth=on user=mike.padiernos@gmail.com from=mike.padiernos@gmail.com recipients=senthik@ilinksolutions.com mailsize=412412 smtpstatus=250 smtpmsg='250 2.0.0 OK  1743111757 6a1803df08f44-6eec9771cb0sm3297896d6.93 - gsmtp' exitcode=EX_OK
Mar 28 12:19:31 host=smtp.gmail.com tls=on auth=on user=mike.padiernos@gmail.com from=mike.padiernos@gmail.com recipients=senthik@ilinksolutions.com mailsize=185648 smtpstatus=250 smtpmsg='250 2.0.0 OK  1743178771 d75a77b69052e-477831a4472sm12470341cf.75 - gsmtp' exitcode=EX_OK
Apr 01 17:09:31 host=mail.padiernos.me tls=on auth=on user=mike@padiernos.me from=mike@padiernos.me recipients=manjit@swanktek.com mailsize=460 smtpstatus=250 smtpmsg='250 2.0.0 Ok: queued as 8CB8A2E0065' exitcode=EX_OK
Apr 02 16:31:46 host=smtp.gmail.com tls=on auth=on user=mike.padiernos@gmail.com from=mike.padiernos@gmail.com recipients=Bablu12.Kumar@nttdata.com mailsize=688 smtpstatus=250 smtpmsg='250 2.0.0 OK  1743625906 6a1803df08f44-6eec97974cbsm78396236d6.105 - gsmtp' exitcode=EX_OK
Apr 02 16:42:00 host=smtp.gmail.com tls=on auth=on user=mike.padiernos@gmail.com from=mike.padiernos@gmail.com recipients=sudhir.kumar@recruiter.nlbtech.com mailsize=4551 smtpstatus=250 smtpmsg='250 2.0.0 OK  1743626520 6a1803df08f44-6eec9797358sm78541736d6.107 - gsmtp' exitcode=EX_OK
Apr 02 16:44:51 host=smtp.gmail.com tls=on auth=on user=mike.padiernos@gmail.com from=mike.padiernos@gmail.com recipients=sudhir.kumar@recruiter.nlbtech.com mailsize=15108 smtpstatus=250 smtpmsg='250 2.0.0 OK  1743626691 6a1803df08f44-6eec979720dsm78653746d6.106 - gsmtp' exitcode=EX_OK
Apr 02 16:51:08 host=smtp.gmail.com tls=on auth=on user=mike.padiernos@gmail.com from=mike.padiernos@gmail.com recipients=Bablu12.Kumar@nttdata.com mailsize=2018 smtpstatus=250 smtpmsg='250 2.0.0 OK  1743627068 6a1803df08f44-6eec9628194sm79057796d6.7 - gsmtp' exitcode=EX_OK
Apr 04 13:29:42 host=mail.padiernos.me tls=on auth=on user=mike@padiernos.me from=mike@padiernos.me recipients=vishaalp@boston-technology.com mailsize=129557 smtpstatus=250 smtpmsg='250 2.0.0 Ok: queued as 857FF2E006A' exitcode=EX_OK
Apr 04 14:35:57 host=mail.padiernos.me tls=on auth=on user=mike@padiernos.me from=mike@padiernos.me recipients=vishaalp@boston-technology.com mailsize=3089 smtpstatus=250 smtpmsg='250 2.0.0 Ok: queued as E3CC32E006A' exitcode=EX_OK
Apr 07 02:23:03 host=mail.padiernos.me tls=on auth=on user=mike@padiernos.me from=mike@padiernos.me recipients=mike@padiernos.me,mike@padiernos.io,mike.padiernos@gmail.com mailsize=889 smtpstatus=250 smtpmsg='250 2.0.0 Ok: queued as B4A512E016B' exitcode=EX_OK
Apr 07 14:15:02 host=mail.padiernos.me tls=on auth=on user=mike@padiernos.me from=mike@padiernos.me recipients=kelsey@genesysonline.com mailsize=166276 smtpstatus=250 smtpmsg='250 2.0.0 Ok: queued as 36D5A2E016B' exitcode=EX_OK
Apr 07 14:32:11 host=mail.padiernos.me tls=on auth=on user=mike@padiernos.me from=mike@padiernos.me recipients=manjit@swanktek.com mailsize=8454 smtpstatus=250 smtpmsg='250 2.0.0 Ok: queued as A2CF92E016B' exitcode=EX_OK
Apr 07 14:38:17 host=smtp.gmail.com tls=on auth=on user=mike.padiernos@gmail.com from=mike.padiernos@gmail.com recipients=sudhir.kumar@recruiter.nlbtech.com mailsize=15184 smtpstatus=250 smtpmsg='250 2.0.0 OK  1744051097 6a1803df08f44-6ef0f00f158sm62033286d6.35 - gsmtp' exitcode=EX_OK
Apr 07 14:42:23 host=mail.padiernos.me tls=on auth=on user=mike@padiernos.me from=mike@padiernos.me recipients=Archana@sagellc.co mailsize=807672 smtpstatus=250 smtpmsg='250 2.0.0 Ok: queued as B504B2E016B' exitcode=EX_OK
Apr 07 17:24:25 host=mail.padiernos.me tls=on auth=on user=mike@padiernos.me from=mike@padiernos.me recipients=kelsey@genesysonline.com mailsize=88668 smtpstatus=250 smtpmsg='250 2.0.0 Ok: queued as 43C642E016B' exitcode=EX_OK
Apr 08 13:50:31 host=mail.padiernos.me tls=on auth=on user=mike@padiernos.me from=mike@padiernos.me recipients=kelsey@genesysonline.com mailsize=34668 smtpstatus=250 smtpmsg='250 2.0.0 Ok: queued as 2B3742E013B' exitcode=EX_OK
Apr 08 13:53:27 host=mail.padiernos.me tls=on auth=on user=mike@padiernos.me from=mike@padiernos.me recipients=anjani.poddar@scalable-systems.com mailsize=31048 smtpstatus=250 smtpmsg='250 2.0.0 Ok: queued as 408C42E013B' exitcode=EX_OK
Apr 08 13:58:09 host=mail.padiernos.me tls=on auth=on user=mike@padiernos.me from=mike@padiernos.me recipients=anjani.poddar@scalable-systems.com mailsize=29655 smtpstatus=250 smtpmsg='250 2.0.0 Ok: queued as 15B3D2E013B' exitcode=EX_OK
Apr 08 13:58:32 host=mail.padiernos.me tls=on auth=on user=mike@padiernos.me from=mike@padiernos.me recipients=kelsey@genesysonline.com mailsize=34612 smtpstatus=250 smtpmsg='250 2.0.0 Ok: queued as 866402E013B' exitcode=EX_OK
Apr 09 12:03:34 host=mail.padiernos.me tls=on auth=on user=mike@padiernos.me from=mike@padiernos.me recipients=matt@agileglobalsolutions.com mailsize=12337 smtpstatus=250 smtpmsg='250 2.0.0 Ok: queued as 2C1612E02A6' exitcode=EX_OK
Apr 09 12:21:01 host=mail.padiernos.me tls=on auth=on user=mike@padiernos.me from=mike@padiernos.me recipients=matt@agileglobalsolutions.com mailsize=16054 smtpstatus=250 smtpmsg='250 2.0.0 Ok: queued as 37B192E0920' exitcode=EX_OK
Apr 09 12:35:55 host=mail.padiernos.me tls=on auth=on user=mike@padiernos.me from=mike@padiernos.me recipients=matt@agileglobalsolutions.com mailsize=22019 smtpstatus=250 smtpmsg='250 2.0.0 Ok: queued as 304832E02A6' exitcode=EX_OK
Apr 09 12:41:55 host=mail.padiernos.me tls=on auth=on user=mike@padiernos.me from=mike@padiernos.me recipients=matt@agileglobalsolutions.com mailsize=698412 smtpstatus=250 smtpmsg='250 2.0.0 Ok: queued as 78F1E2E02A6' exitcode=EX_OK
Apr 10 11:13:08 host=mail.padiernos.me tls=on auth=on user=mike@padiernos.me from=mike@padiernos.me recipients=kelsey@genesysonline.com mailsize=4785 smtpstatus=250 smtpmsg='250 2.0.0 Ok: queued as C70232E00C3' exitcode=EX_OK
Apr 10 11:24:45 host=mail.padiernos.me tls=on auth=on user=mike@padiernos.me from=mike@padiernos.me recipients=govind.m@technogeninc.com mailsize=4175 smtpstatus=250 smtpmsg='250 2.0.0 Ok: queued as 8A7A02E00C3' exitcode=EX_OK
Apr 10 11:27:07 host=mail.padiernos.me tls=on auth=on user=mike@padiernos.me from=mike@padiernos.me recipients=harshit.sharma@peopleintegra.com errormsg='cannot connect to mail.padiernos.me, port 465: Connection refused' exitcode=EX_TEMPFAIL
Apr 10 11:27:26 host=mail.padiernos.me tls=on auth=on user=mike@padiernos.me from=mike@padiernos.me recipients=harshit.sharma@peopleintegra.com errormsg='cannot connect to mail.padiernos.me, port 465: Connection refused' exitcode=EX_TEMPFAIL
Apr 10 11:27:34 host=mail.padiernos.me tls=on auth=on user=mike@padiernos.me from=mike@padiernos.me recipients=harshit.sharma@peopleintegra.com errormsg='cannot connect to mail.padiernos.me, port 465: Connection refused' exitcode=EX_TEMPFAIL
Apr 10 11:28:11 host=mail.padiernos.me tls=on auth=on user=mike@padiernos.me from=mike@padiernos.me recipients=harshit.sharma@peopleintegra.com errormsg='cannot connect to mail.padiernos.me, port 465: Connection refused' exitcode=EX_TEMPFAIL
Apr 10 11:30:19 host=mail.padiernos.me tls=on auth=on user=mike@padiernos.me from=mike@padiernos.me recipients=harshit.sharma@peopleintegra.com errormsg='cannot connect to mail.padiernos.me, port 465: Connection refused' exitcode=EX_TEMPFAIL
Apr 10 11:35:59 host=mail.padiernos.me tls=on auth=on user=mike@padiernos.me from=mike@padiernos.me recipients=harshit.sharma@peopleintegra.com errormsg='cannot connect to mail.padiernos.me, port 465: Connection timed out' exitcode=EX_TEMPFAIL
Apr 10 11:38:14 host=mail.padiernos.me tls=on auth=on user=mike@padiernos.me from=mike@padiernos.me recipients=harshit.sharma@peopleintegra.com errormsg='cannot connect to mail.padiernos.me, port 465: Connection timed out' exitcode=EX_TEMPFAIL
Apr 10 11:39:52 host=mail.padiernos.me tls=on auth=on user=mike@padiernos.me from=mike@padiernos.me recipients=harshit.sharma@peopleintegra.com errormsg='cannot connect to mail.padiernos.me, port 465: Connection refused' exitcode=EX_TEMPFAIL
Apr 10 11:41:12 host=mail.padiernos.me tls=on auth=on user=mike@padiernos.me from=mike@padiernos.me recipients=harshit.sharma@peopleintegra.com mailsize=5387 smtpstatus=250 smtpmsg='250 2.0.0 Ok: queued as EFCCA2E00C3' exitcode=EX_OK
Apr 11 14:00:56 host=mail.padiernos.me tls=on auth=on user=mike@padiernos.me from=mike@padiernos.me recipients=matt@agileglobalsolutions.com mailsize=2267 smtpstatus=250 smtpmsg='250 2.0.0 Ok: queued as 29E782E005C' exitcode=EX_OK
Apr 11 14:39:20 host=mail.padiernos.me tls=on auth=on user=mike@padiernos.me from=mike@padiernos.me recipients=matt@agileglobalsolutions.com mailsize=61652 smtpstatus=250 smtpmsg='250 2.0.0 Ok: queued as 3EA7E2E005C' exitcode=EX_OK
Apr 15 12:41:46 host=smtp.gmail.com tls=on auth=on user=mike.padiernos@gmail.com from=mike.padiernos@gmail.com recipients=Su.Meh@its.ny.gov mailsize=1898 smtpstatus=250 smtpmsg='250 2.0.0 OK  1744735306 d75a77b69052e-4796eb2b8dbsm97179801cf.41 - gsmtp' exitcode=EX_OK
Apr 15 12:43:38 host=mail.padiernos.me tls=on auth=on user=mike@padiernos.me from=mike@padiernos.me recipients=su.meh@its.ny.gov mailsize=2525 smtpstatus=250 smtpmsg='250 2.0.0 Ok: queued as 174182E0065' exitcode=EX_OK
Apr 16 11:35:00 host=mail.padiernos.me tls=on auth=on user=mike@padiernos.me from=mike@padiernos.me recipients=gabe@vc5consulting.com mailsize=2097 smtpstatus=250 smtpmsg='250 2.0.0 Ok: queued as 4940A2E0271' exitcode=EX_OK
Apr 16 11:39:24 host=mail.padiernos.me tls=on auth=on user=mike@padiernos.me from=mike@padiernos.me recipients=saiteja.n@nextrow.com mailsize=32987 smtpstatus=250 smtpmsg='250 2.0.0 Ok: queued as 1C7292E0271' exitcode=EX_OK
Apr 16 12:15:57 host=mail.padiernos.me tls=on auth=on user=mike@padiernos.me from=mike@padiernos.me recipients=saiteja.n@nextrow.com mailsize=4147 smtpstatus=250 smtpmsg='250 2.0.0 Ok: queued as 2F1E92E0271' exitcode=EX_OK
Apr 16 14:25:53 host=mail.padiernos.me tls=on auth=on user=mike@padiernos.me from=mike@padiernos.me recipients=saiteja.n@nextrow.com mailsize=39924 smtpstatus=250 smtpmsg='250 2.0.0 Ok: queued as D7A752E0271' exitcode=EX_OK
Apr 16 15:05:07 host=mail.padiernos.me tls=on auth=on user=mike@padiernos.me from=mike@padiernos.me recipients=saiteja.n@nextrow.com mailsize=127819 smtpstatus=250 smtpmsg='250 2.0.0 Ok: queued as 5B8E12E0271' exitcode=EX_OK
Apr 17 12:31:15 host=mail.padiernos.me tls=on auth=on user=mike@padiernos.me from=mike@padiernos.me recipients=vaishali.pal@compunnel.com mailsize=136506 smtpstatus=250 smtpmsg='250 2.0.0 Ok: queued as BECC42E02DD' exitcode=EX_OK
Apr 17 12:46:46 host=mail.padiernos.me tls=on auth=on user=mike@padiernos.me from=mike@padiernos.me recipients=vaishali.pal@compunnel.com mailsize=852784 smtpstatus=250 smtpmsg='250 2.0.0 Ok: queued as 2B1A22E02DD' exitcode=EX_OK
Apr 17 13:13:19 host=mail.padiernos.me tls=on auth=on user=mike@padiernos.me from=mike@padiernos.me recipients=vaishali.pal@compunnel.com mailsize=183851 smtpstatus=250 smtpmsg='250 2.0.0 Ok: queued as 68E412E02DD' exitcode=EX_OK
Apr 17 14:12:14 host=mail.padiernos.me tls=on auth=on user=mike@padiernos.me from=mike@padiernos.me recipients=su.meh@its.ny.gov mailsize=1063 smtpstatus=250 smtpmsg='250 2.0.0 Ok: queued as 249412E02DD' exitcode=EX_OK
Apr 17 15:33:29 host=mail.padiernos.me tls=on auth=on user=mike@padiernos.me from=mike@padiernos.me recipients=Su.Meh@its.ny.gov mailsize=2124 smtpstatus=250 smtpmsg='250 2.0.0 Ok: queued as 28DB82E02DD' exitcode=EX_OK
Apr 17 15:51:26 host=mail.padiernos.me tls=on auth=on user=mike@padiernos.me from=mike@padiernos.me recipients=gabe@vc5consulting.com mailsize=3636 smtpstatus=250 smtpmsg='250 2.0.0 Ok: queued as A58082E02DD' exitcode=EX_OK
Apr 22 13:08:34 host=smtp.gmail.com tls=on auth=on user=mike.padiernos@gmail.com from=mike.padiernos@gmail.com recipients=senthik@ilinksolutions.com mailsize=5075 smtpstatus=250 smtpmsg='250 2.0.0 OK  1745341714 6a1803df08f44-6f2c2bfce12sm59830186d6.93 - gsmtp' exitcode=EX_OK
Apr 22 18:23:32 host=mail.padiernos.me tls=on auth=on user=mike@padiernos.me from=mike@padiernos.me recipients=shanmukh.r@kasmoglobal.com mailsize=813036 smtpstatus=250 smtpmsg='250 2.0.0 Ok: queued as E1AAE2E016B' exitcode=EX_OK
May 02 15:59:39 host=mail.padiernos.me tls=on auth=on user=mike@padiernos.me from=mike@padiernos.me recipients=gabe@vc5consulting.com mailsize=6331 smtpstatus=250 smtpmsg='250 2.0.0 Ok: queued as 94C062E00EC' exitcode=EX_OK
May 02 16:19:07 host=mail.padiernos.me tls=on auth=on user=mike@padiernos.me from=mike@padiernos.me recipients=mamtha.kota@sincera.com mailsize=34553 smtpstatus=250 smtpmsg='250 2.0.0 Ok: queued as DA60D2E00EC' exitcode=EX_OK
May 02 16:37:11 host=mail.padiernos.me tls=on auth=on user=mike@padiernos.me from=mike@padiernos.me recipients=mamtha.kota@sincera.com mailsize=3817 smtpstatus=250 smtpmsg='250 2.0.0 Ok: queued as C14352E00EC' exitcode=EX_OK
May 06 17:12:40 host=mail.padiernos.me tls=on auth=on user=mike@padiernos.me from=mike@padiernos.me recipients=sandy@noesysinc.com mailsize=2066 smtpstatus=250 smtpmsg='250 2.0.0 Ok: queued as 43C052E02A1' exitcode=EX_OK
May 07 13:29:36 host=mail.padiernos.me tls=on auth=on user=mike@padiernos.me from=mike@padiernos.me recipients=fe1691b4-d7a3-4469-85a6-90ccf4a9bdda@reply.linkedin.com mailsize=133526 smtpstatus=250 smtpmsg='250 2.0.0 Ok: queued as DB67E2E016B' exitcode=EX_OK
May 07 14:18:28 host=mail.padiernos.me tls=on auth=on user=mike@padiernos.me from=mike@padiernos.me recipients=manny@ilinksolutions.com mailsize=6064 smtpstatus=250 smtpmsg='250 2.0.0 Ok: queued as D81E32E016B' exitcode=EX_OK
May 07 14:27:25 host=mail.padiernos.me tls=on auth=on user=mike@padiernos.me from=mike@padiernos.me recipients=manny@ilinksolutions.com mailsize=135812 smtpstatus=250 smtpmsg='250 2.0.0 Ok: queued as 901D42E016B' exitcode=EX_OK
May 07 16:58:19 host=mail.padiernos.me tls=on auth=on user=mike@padiernos.me from=mike@padiernos.me recipients=manny@ilinksolutions.com mailsize=39232 smtpstatus=250 smtpmsg='250 2.0.0 Ok: queued as B1B712E0AF7' exitcode=EX_OK
May 07 19:14:12 host=mail.padiernos.me tls=on auth=on user=mike@padiernos.me from=mike@padiernos.me recipients=Jennifer.Love@libertyutilities.com errormsg='cannot locate host mail.padiernos.me: Temporary failure in name resolution' exitcode=EX_TEMPFAIL
May 07 19:14:43 host=mail.padiernos.me tls=on auth=on user=mike@padiernos.me from=mike@padiernos.me recipients=Jennifer.Love@libertyutilities.com errormsg='cannot locate host mail.padiernos.me: Temporary failure in name resolution' exitcode=EX_TEMPFAIL
May 07 19:15:24 host=mail.padiernos.me tls=on auth=on user=mike@padiernos.me from=mike@padiernos.me recipients=Jennifer.Love@libertyutilities.com mailsize=4742583 smtpstatus=250 smtpmsg='250 2.0.0 Ok: queued as 4CD432E0AF7' exitcode=EX_OK
May 08 13:52:25 host=mail.padiernos.me tls=on auth=on user=mike@padiernos.me from=mike@padiernos.me recipients=Jennifer.Love@libertyutilities.com mailsize=4985 smtpstatus=250 smtpmsg='250 2.0.0 Ok: queued as C7AF42E0147' exitcode=EX_OK
May 08 15:50:34 host=mail.padiernos.me tls=on auth=on user=mike@padiernos.me from=mike@padiernos.me recipients=Jennifer.Love@libertyutilities.com mailsize=7294 smtpstatus=250 smtpmsg='250 2.0.0 Ok: queued as 0C8542E016B' exitcode=EX_OK
May 12 13:47:16 host=mail.padiernos.me tls=on auth=on user=mike@padiernos.me from=mike@padiernos.me recipients=vechaachuth@gmail.com mailsize=6143 smtpstatus=250 smtpmsg='250 2.0.0 Ok: queued as 1C0092E0166' exitcode=EX_OK
May 12 14:17:17 host=mail.padiernos.me tls=on auth=on user=mike@padiernos.me from=mike@padiernos.me recipients=vechaachuth@gmail.com mailsize=7390 smtpstatus=250 smtpmsg='250 2.0.0 Ok: queued as 2D73B2E0166' exitcode=EX_OK
May 12 14:31:21 host=mail.padiernos.me tls=on auth=on user=mike@padiernos.me from=mike@padiernos.me recipients=vechaachuth@gmail.com errormsg='cannot connect to mail.padiernos.me, port 465: Connection refused' exitcode=EX_TEMPFAIL
May 12 14:31:29 host=mail.padiernos.me tls=on auth=on user=mike@padiernos.me from=mike@padiernos.me recipients=vechaachuth@gmail.com errormsg='cannot connect to mail.padiernos.me, port 465: Connection refused' exitcode=EX_TEMPFAIL
May 12 14:31:45 host=mail.padiernos.me tls=on auth=on user=mike@padiernos.me from=mike@padiernos.me recipients=vechaachuth@gmail.com errormsg='cannot connect to mail.padiernos.me, port 465: Connection refused' exitcode=EX_TEMPFAIL
May 12 14:31:48 host=mail.padiernos.me tls=on auth=on user=mike@padiernos.me from=mike@padiernos.me recipients=vechaachuth@gmail.com errormsg='cannot connect to mail.padiernos.me, port 465: Connection refused' exitcode=EX_TEMPFAIL
May 12 14:31:50 host=mail.padiernos.me tls=on auth=on user=mike@padiernos.me from=mike@padiernos.me recipients=vechaachuth@gmail.com errormsg='cannot connect to mail.padiernos.me, port 465: Connection refused' exitcode=EX_TEMPFAIL
May 12 14:31:52 host=mail.padiernos.me tls=on auth=on user=mike@padiernos.me from=mike@padiernos.me recipients=vechaachuth@gmail.com errormsg='cannot connect to mail.padiernos.me, port 465: Connection refused' exitcode=EX_TEMPFAIL
May 12 14:32:03 host=mail.padiernos.me tls=on auth=on user=mike@padiernos.me from=mike@padiernos.me recipients=vechaachuth@gmail.com errormsg='cannot connect to mail.padiernos.me, port 465: Connection refused' exitcode=EX_TEMPFAIL
May 12 14:32:05 host=mail.padiernos.me tls=on auth=on user=mike@padiernos.me from=mike@padiernos.me recipients=vechaachuth@gmail.com errormsg='cannot connect to mail.padiernos.me, port 465: Connection refused' exitcode=EX_TEMPFAIL
May 12 14:32:18 host=mail.padiernos.me tls=on auth=on user=mike@padiernos.me from=mike@padiernos.me recipients=vechaachuth@gmail.com errormsg='cannot connect to mail.padiernos.me, port 465: Connection refused' exitcode=EX_TEMPFAIL
May 12 14:32:28 host=mail.padiernos.me tls=on auth=on user=mike@padiernos.me from=mike@padiernos.me recipients=vechaachuth@gmail.com errormsg='cannot connect to mail.padiernos.me, port 465: Connection refused' exitcode=EX_TEMPFAIL
May 12 14:32:30 host=mail.padiernos.me tls=on auth=on user=mike@padiernos.me from=mike@padiernos.me recipients=vechaachuth@gmail.com errormsg='cannot connect to mail.padiernos.me, port 465: Connection refused' exitcode=EX_TEMPFAIL
May 12 14:34:26 host=mail.padiernos.me tls=on auth=on user=mike@padiernos.me from=mike@padiernos.me recipients=vechaachuth@gmail.com errormsg='cannot connect to mail.padiernos.me, port 465: Connection refused' exitcode=EX_TEMPFAIL
May 12 14:34:38 host=mail.padiernos.me tls=on auth=on user=mike@padiernos.me from=mike@padiernos.me recipients=vechaachuth@gmail.com errormsg='cannot connect to mail.padiernos.me, port 465: Connection refused' exitcode=EX_TEMPFAIL
May 12 14:36:46 host=mail.padiernos.me tls=on auth=on user=mike@padiernos.me from=mike@padiernos.me recipients=vechaachuth@gmail.com errormsg='cannot connect to mail.padiernos.me, port 465: Connection refused' exitcode=EX_TEMPFAIL
May 12 14:37:49 host=mail.padiernos.me tls=on auth=on user=mike@padiernos.me from=mike@padiernos.me recipients=vechaachuth@gmail.com errormsg='cannot connect to mail.padiernos.me, port 465: Connection refused' exitcode=EX_TEMPFAIL
May 12 14:37:57 host=mail.padiernos.me tls=on auth=on user=mike@padiernos.me from=mike@padiernos.me recipients=vechaachuth@gmail.com errormsg='cannot connect to mail.padiernos.me, port 465: Connection refused' exitcode=EX_TEMPFAIL
May 12 14:38:28 host=mail.padiernos.me tls=on auth=on user=mike@padiernos.me from=mike@padiernos.me recipients=vechaachuth@gmail.com errormsg='cannot connect to mail.padiernos.me, port 465: Connection refused' exitcode=EX_TEMPFAIL
May 12 14:38:47 host=mail.padiernos.me tls=on auth=on user=mike@padiernos.me from=mike@padiernos.me recipients=vechaachuth@gmail.com errormsg='cannot connect to mail.padiernos.me, port 465: Connection refused' exitcode=EX_TEMPFAIL
May 12 14:39:17 host=mail.padiernos.me tls=on auth=on user=mike@padiernos.me from=mike@padiernos.me recipients=vechaachuth@gmail.com mailsize=131615 smtpstatus=250 smtpmsg='250 2.0.0 Ok: queued as B7E162E0166' exitcode=EX_OK
May 12 14:49:41 host=mail.padiernos.me tls=on auth=on user=mike@padiernos.me from=mike@padiernos.me recipients=vechaachuth@gmail.com mailsize=38724 smtpstatus=250 smtpmsg='250 2.0.0 Ok: queued as B2E412E0166' exitcode=EX_OK
May 12 15:51:49 host=mail.padiernos.me tls=on auth=on user=mike@padiernos.me from=mike@padiernos.me recipients=m.maria@tcs.com mailsize=2976 smtpstatus=250 smtpmsg='250 2.0.0 Ok: queued as 00D632E0166' exitcode=EX_OK
May 13 09:03:09 host=mail.padiernos.me tls=on auth=on user=mike@padiernos.me from=mike@padiernos.me recipients=leo@istellarpro.com mailsize=2252 smtpstatus=250 smtpmsg='250 2.0.0 Ok: queued as A33252E006E' exitcode=EX_OK
May 13 09:06:44 host=mail.padiernos.me tls=on auth=on user=mike@padiernos.me from=mike@padiernos.me recipients=leo@istellarpro.com mailsize=3308 smtpstatus=250 smtpmsg='250 2.0.0 Ok: queued as 3B9802E006E' exitcode=EX_OK
May 13 09:09:39 host=mail.padiernos.me tls=on auth=on user=mike@padiernos.me from=mike@padiernos.me recipients=leo@istellarpro.com mailsize=2780 smtpstatus=250 smtpmsg='250 2.0.0 Ok: queued as 496E42E006E' exitcode=EX_OK
May 14 13:08:25 host=mail.padiernos.me tls=on auth=on user=mike@padiernos.me from=mike@padiernos.me recipients=m.maria@tcs.com mailsize=5646 smtpstatus=250 smtpmsg='250 2.0.0 Ok: queued as B36D12E0087' exitcode=EX_OK
May 14 14:01:26 host=mail.padiernos.me tls=on auth=on user=mike@padiernos.me from=mike@padiernos.me recipients=manny@ilinksolutions.com mailsize=6077 smtpstatus=250 smtpmsg='250 2.0.0 Ok: queued as B60B12E0087' exitcode=EX_OK
May 14 15:34:54 host=mail.padiernos.me tls=on auth=on user=mike@padiernos.me from=mike@padiernos.me recipients=leo@istellarpro.com mailsize=3627 smtpstatus=250 smtpmsg='250 2.0.0 Ok: queued as 8CD732E0087' exitcode=EX_OK
May 15 12:47:18 host=mail.padiernos.me tls=on auth=on user=mike@padiernos.me from=mike@padiernos.me recipients=m.maria@tcs.com mailsize=34675 smtpstatus=250 smtpmsg='250 2.0.0 Ok: queued as 813892E005C' exitcode=EX_OK
May 15 12:56:33 host=mail.padiernos.me tls=on auth=on user=mike@padiernos.me from=mike@padiernos.me recipients=m.maria@tcs.com mailsize=7180 smtpstatus=250 smtpmsg='250 2.0.0 Ok: queued as 267B72E005C' exitcode=EX_OK
May 15 13:34:04 host=mail.padiernos.me tls=on auth=on user=mike@padiernos.me from=mike@padiernos.me recipients=m.maria@tcs.com mailsize=8492 smtpstatus=250 smtpmsg='250 2.0.0 Ok: queued as 7BBD62E005C' exitcode=EX_OK
May 15 13:41:23 host=mail.padiernos.me tls=on auth=on user=mike@padiernos.me from=mike@padiernos.me recipients=m.maria@tcs.com mailsize=142203 smtpstatus=250 smtpmsg='250 2.0.0 Ok: queued as BE94E2E005C' exitcode=EX_OK
May 15 15:14:05 host=mail.padiernos.me tls=on auth=on user=mike@padiernos.me from=mike@padiernos.me recipients=m.maria@tcs.com mailsize=10259 smtpstatus=250 smtpmsg='250 2.0.0 Ok: queued as 78D022E005C' exitcode=EX_OK
May 15 15:36:34 host=mail.padiernos.me tls=on auth=on user=mike@padiernos.me from=mike@padiernos.me recipients=m.maria@tcs.com mailsize=11615 smtpstatus=250 smtpmsg='250 2.0.0 Ok: queued as 656DB2E005C' exitcode=EX_OK
May 15 15:53:57 host=mail.padiernos.me tls=on auth=on user=mike@padiernos.me from=mike@padiernos.me recipients=m.maria@tcs.com mailsize=155997 smtpstatus=250 smtpmsg='250 2.0.0 Ok: queued as 4DC052E005C' exitcode=EX_OK
May 15 16:26:29 host=mail.padiernos.me tls=on auth=on user=mike@padiernos.me from=mike@padiernos.me recipients=m.maria@tcs.com mailsize=14793 smtpstatus=250 smtpmsg='250 2.0.0 Ok: queued as C4A412E005C' exitcode=EX_OK
May 18 17:14:38 host=mail.padiernos.me tls=on auth=on user=mike@padiernos.me from=mike@padiernos.me recipients=info@ipsjksa.com mailsize=335671 smtpstatus=250 smtpmsg='250 2.0.0 Ok: queued as 6C1702E0065' exitcode=EX_OK
May 20 12:27:30 host=mail.padiernos.me tls=on auth=on user=mike@padiernos.me from=mike@padiernos.me recipients=info@ipsjksa.com mailsize=2752 smtpstatus=250 smtpmsg='250 2.0.0 Ok: queued as 0A3072E0314' exitcode=EX_OK
May 21 11:02:00 host=mail.padiernos.me tls=on auth=on user=mike@padiernos.me from=mike@padiernos.me recipients=e.daly@tcs.com mailsize=2524 smtpstatus=250 smtpmsg='250 2.0.0 Ok: queued as 649692E02A1' exitcode=EX_OK
May 21 14:15:04 host=mail.padiernos.me tls=on auth=on user=mike@padiernos.me from=mike@padiernos.me recipients=e.daly@tcs.com mailsize=2598 smtpstatus=250 smtpmsg='250 2.0.0 Ok: queued as A87502E02A1' exitcode=EX_OK
May 21 15:05:21 host=mail.padiernos.me tls=on auth=on user=mike@padiernos.me from=mike@padiernos.me recipients=e.daly@tcs.com mailsize=330673 smtpstatus=250 smtpmsg='250 2.0.0 Ok: queued as E3A202E02A1' exitcode=EX_OK
May 22 11:51:46 host=mail.padiernos.me tls=on auth=on user=mike@padiernos.me from=mike@padiernos.me recipients=e.daly@tcs.com mailsize=3488 smtpstatus=250 smtpmsg='250 2.0.0 Ok: queued as E294C2E0325' exitcode=EX_OK
May 22 12:14:01 host=smtp.gmail.com tls=on auth=on user=mike.padiernos@gmail.com from=mike.padiernos@gmail.com recipients=leaseservicingreinstate@gmfinancial.com,mike.padiernos@gmail.com mailsize=1705540 smtpstatus=250 smtpmsg='250 2.0.0 OK  1747930441 af79cd13be357-7cd467bcbbfsm1052209585a.4 - gsmtp' exitcode=EX_OK
May 23 16:20:03 host=mail.padiernos.me tls=on auth=on user=mike@padiernos.me from=mike@padiernos.me recipients=e.daly@tcs.com mailsize=6401 smtpstatus=250 smtpmsg='250 2.0.0 Ok: queued as B33DB2E1801' exitcode=EX_OK
May 23 16:48:14 host=smtp.gmail.com tls=on auth=on user=mike.padiernos@gmail.com from=mike.padiernos@gmail.com recipients=senthik@ilinksolutions.com mailsize=3977 smtpstatus=250 smtpmsg='250 2.0.0 OK  1748033294 d75a77b69052e-494ae52890dsm118362261cf.66 - gsmtp' exitcode=EX_OK
May 24 22:41:41 host=mail.padiernos.me tls=on auth=on user=mike@padiernos.me from=mike@padiernos.me recipients=emmapade@gmail.com,emmapade@yahoo.com mailsize=1303479 smtpstatus=250 smtpmsg='250 2.0.0 Ok: queued as E12AB2E0147' exitcode=EX_OK
May 25 03:43:25 host=mail.padiernos.me tls=on auth=on user=mike@padiernos.me from=mike@padiernos.me recipients=info@ipsjksa.com mailsize=4613 smtpstatus=250 smtpmsg='250 2.0.0 Ok: queued as 0771C2E00EC' exitcode=EX_OK
May 25 14:48:27 host=mail.padiernos.me tls=on auth=on user=mike@padiernos.me from=mike@padiernos.me recipients=rmpadiernos@gmail.com,rach@padiernos.me,mike.padiernos@gmail.com mailsize=1279050 smtpstatus=250 smtpmsg='250 2.0.0 Ok: queued as 1AF8D2E00EC' exitcode=EX_OK
May 25 14:56:35 host=mail.padiernos.me tls=on auth=on user=mike@padiernos.me from=mike@padiernos.me recipients=mike.padiernos@gmail.com mailsize=290 smtpstatus=250 smtpmsg='250 2.0.0 Ok: queued as 38CFF2E006A' exitcode=EX_OK
May 25 15:15:23 host=mail.padiernos.me tls=on auth=on user=mike@padiernos.me from=mike@padiernos.me recipients=mike.padiernos@gmail.com mailsize=290 smtpstatus=250 smtpmsg='250 2.0.0 Ok: queued as 6E2562E00EC' exitcode=EX_OK
May 25 15:48:40 host=smtp.gmail.com tls=on auth=on user=mike.padiernos@gmail.com from=mike.padiernos@gmail.com recipients=rmpadiernos@gmail.com,rach@padiernos.me,mike@padiernos.me mailsize=1279069 smtpstatus=250 smtpmsg='250 2.0.0 OK  1748202520 6a1803df08f44-6faa5b5c4b5sm11111356d6.8 - gsmtp' exitcode=EX_OK
May 28 12:32:51 host=mail.padiernos.me tls=on auth=on user=mike@padiernos.me from=mike@padiernos.me recipients=e.daly@tcs.com mailsize=295838 smtpstatus=250 smtpmsg='250 2.0.0 Ok: queued as E1DDA2E0087' exitcode=EX_OK
May 28 12:55:02 host=mail.padiernos.me tls=on auth=on user=mike@padiernos.me from=mike@padiernos.me recipients=e.daly@tcs.com mailsize=463882 smtpstatus=250 smtpmsg='250 2.0.0 Ok: queued as 680AD2E006E' exitcode=EX_OK
May 28 14:34:32 host=mail.padiernos.me tls=on auth=on user=mike@padiernos.me from=mike@padiernos.me recipients=__ smtpstatus=550 smtpmsg='550 5.1.1 <__>: Recipient address rejected: User unknown in local recipient table' errormsg='recipient address __ not accepted by the server' exitcode=EX_DATAERR
May 29 15:37:41 host=mail.padiernos.me tls=on auth=on user=mike@padiernos.me from=mike@padiernos.me recipients=e.daly@tcs.com mailsize=3384 smtpstatus=250 smtpmsg='250 2.0.0 Ok: queued as C4D502E005C' exitcode=EX_OK
May 29 15:38:14 host=mail.padiernos.me tls=on auth=on user=mike@padiernos.me from=mike@padiernos.me recipients=e.daly@tcs.com mailsize=1244458 smtpstatus=250 smtpmsg='250 2.0.0 Ok: queued as A1B752E005C' exitcode=EX_OK
Jun 09 11:45:51 host=smtp.gmail.com tls=on auth=on user=mike.padiernos@gmail.com from=mike.padiernos@gmail.com recipients=n.berko@tcs.com errormsg='cannot connect to smtp.gmail.com, port 587: Connection timed out' exitcode=EX_TEMPFAIL
Jun 09 11:54:44 host=smtp.gmail.com tls=on auth=on user=mike.padiernos@gmail.com from=mike.padiernos@gmail.com recipients=n.berko@tcs.com errormsg='cannot connect to smtp.gmail.com, port 587: Connection timed out' exitcode=EX_TEMPFAIL
Jun 09 12:01:37 host=smtp.gmail.com tls=on auth=on user=mike.padiernos@gmail.com from=mike.padiernos@gmail.com recipients=n.berko@tcs.com errormsg='cannot connect to smtp.gmail.com, port 587: Connection timed out' exitcode=EX_TEMPFAIL
Jun 09 12:04:54 host=mail.padiernos.me tls=on auth=on user=mike@padiernos.me from=mike@padiernos.me recipients=n.berko@tcs.com,mike.padiernos@gmail.com mailsize=951 smtpstatus=250 smtpmsg='250 2.0.0 Ok: queued as 348122E016B' exitcode=EX_OK
Jun 09 12:07:06 host=mail.padiernos.me tls=on auth=on user=mike@padiernos.me from=mike@padiernos.me recipients=n.berko@tcs.com,mike.padiernos@gmail.com mailsize=963 smtpstatus=250 smtpmsg='250 2.0.0 Ok: queued as 6AE5E2E016B' exitcode=EX_OK
Jun 10 11:48:42 host=mail.padiernos.me tls=on auth=on user=mike@padiernos.me from=mike@padiernos.me recipients=somi.srivastava1@tcs.com mailsize=750 smtpstatus=250 smtpmsg='250 2.0.0 Ok: queued as 1A2B22E005C' exitcode=EX_OK
Jun 10 16:40:01 host=mail.padiernos.me tls=on auth=on user=mike@padiernos.me from=mike@padiernos.me recipients=somi.srivastava1@tcs.com mailsize=3892 smtpstatus=250 smtpmsg='250 2.0.0 Ok: queued as E8A052E027E' exitcode=EX_OK
Jun 11 12:11:13 host=mail.padiernos.me tls=on auth=on user=mike@padiernos.me from=mike@padiernos.me recipients=michael.padiernos@tcs.com mailsize=1112 smtpstatus=250 smtpmsg='250 2.0.0 Ok: queued as CCF082E006A' exitcode=EX_OK
Jun 11 14:11:07 host=mail.padiernos.me tls=on auth=on user=mike@padiernos.me from=mike@padiernos.me recipients=n.berko@tcs.com mailsize=397 smtpstatus=250 smtpmsg='250 2.0.0 Ok: queued as DBF9A2E006A' exitcode=EX_OK
Jun 11 14:31:37 host=smtp.gmail.com tls=on auth=on user=mike.padiernos@gmail.com from=mike.padiernos@gmail.com recipients=n.berko@tcs.com mailsize=426 smtpstatus=250 smtpmsg='250 2.0.0 OK  1749666697 6a1803df08f44-6fb09ab8a3csm85202116d6.10 - gsmtp' exitcode=EX_OK
Jun 16 14:33:55 host=mail.padiernos.me tls=on auth=on user=mike@padiernos.me from=mike@padiernos.me recipients=rajeev1.j@tcs.com mailsize=96521 smtpstatus=250 smtpmsg='250 2.0.0 Ok: queued as C2F102E009C' exitcode=EX_OK
Jun 20 14:32:26 host=mail.padiernos.me tls=on auth=on user=mike@padiernos.me from=mike@padiernos.me recipients=help@sync.com mailsize=1694 smtpstatus=250 smtpmsg='250 2.0.0 Ok: queued as C4B7E2E02A1' exitcode=EX_OK
Jun 20 17:12:08 host=mail.padiernos.me tls=on auth=on user=mike@padiernos.me from=mike@padiernos.me recipients=ultimatix.helpdesk@tcs.com,michael.padiernos@tcs.com mailsize=641 smtpstatus=250 smtpmsg='250 2.0.0 Ok: queued as 0B68E2E0147' exitcode=EX_OK
Jun 20 20:07:18 host=mail.padiernos.me tls=on auth=on user=mike@padiernos.me from=mike@padiernos.me recipients=srinivas.madiwala@tcs.com mailsize=19676 smtpstatus=250 smtpmsg='250 2.0.0 Ok: queued as C39632E0273' exitcode=EX_OK
Jun 23 12:13:36 host=mail.padiernos.me tls=on auth=on user=mike@padiernos.me from=mike@padiernos.me recipients=annie.meyer@mercer.com mailsize=10977 smtpstatus=250 smtpmsg='250 2.0.0 Ok: queued as 17D5D2E02A6' exitcode=EX_OK
Jun 23 13:13:04 host=mail.padiernos.me tls=on auth=on user=mike@padiernos.me from=mike@padiernos.me recipients=annie.meyer@mercer.com mailsize=9400391 smtpstatus=250 smtpmsg='250 2.0.0 Ok: queued as BCA212E0065' exitcode=EX_OK
